{"uuid":"f6177091-7631-473c-9038-e036f5ea00bb","historyId":"ce106a76935364dd11d84fc9de25dbf5","fullName":"AutomateMakeen.TestPages.TC_HR_EmployeeGrid.TC_searchByEmpNameAdvanced","labels":[{"name":"package","value":"AutomateMakeen.TestPages.TC_HR_EmployeeGrid"},{"name":"testClass","value":"AutomateMakeen.TestPages.TC_HR_EmployeeGrid"},{"name":"testMethod","value":"TC_searchByEmpNameAdvanced"},{"name":"parentSuite","value":"Employee page test Suite"},{"name":"suite","value":"Employee Test"},{"name":"subSuite","value":"AutomateMakeen.TestPages.TC_HR_EmployeeGrid"},{"name":"host","value":"F4P4W5"},{"name":"thread","value":"39980@F4P4W5.main(1)"},{"name":"framework","value":"testng"},{"name":"language","value":"java"}],"links":[],"name":"TC_searchByEmpNameAdvanced","status":"skipped","statusDetails":{"known":false,"muted":false,"flaky":false,"message":"Unable to obtain: geckodriver, error Command failed with code: 2, executed: [--browser, firefox, --browser-path, C:/Users/MARWAN.KHALIL/AppData/Local/\"Mozilla Firefox\"/firefox-esr, --language-binding, java, --output, json]\nerror: unexpected argument 'Firefox/firefox-esr' found\n\nUsage: selenium-manager.exe [OPTIONS]\n\nFor more information, try '--help'.\n","trace":"org.openqa.selenium.remote.NoSuchDriverException: Unable to obtain: geckodriver, error Command failed with code: 2, executed: [--browser, firefox, --browser-path, C:/Users/MARWAN.KHALIL/AppData/Local/\"Mozilla Firefox\"/firefox-esr, --language-binding, java, --output, json]\nerror: unexpected argument 'Firefox/firefox-esr' found\n\nUsage: selenium-manager.exe [OPTIONS]\n\nFor more information, try '--help'.\n\r\n\tat org.openqa.selenium.remote.service.DriverFinder.getBinaryPaths(DriverFinder.java:121)\r\n\tat org.openqa.selenium.remote.service.DriverFinder.getDriverPath(DriverFinder.java:55)\r\n\tat org.openqa.selenium.firefox.FirefoxDriver.generateExecutor(FirefoxDriver.java:141)\r\n\tat org.openqa.selenium.firefox.FirefoxDriver.<init>(FirefoxDriver.java:132)\r\n\tat org.openqa.selenium.firefox.FirefoxDriver.<init>(FirefoxDriver.java:127)\r\n\tat org.openqa.selenium.firefox.FirefoxDriver.<init>(FirefoxDriver.java:112)\r\n\tat AutomateMakeen.BaseTest.TestInit.initDriver(TestInit.java:48)\r\n\tat AutomateMakeen.BaseTest.TestInit.lunchDriver(TestInit.java:54)\r\n\tat AutomateMakeen.TestPages.TC_HR_EmployeeGrid.setupClass(TC_HR_EmployeeGrid.java:29)\r\n\tat java.base/jdk.internal.reflect.DirectMethodHandleAccessor.invoke(DirectMethodHandleAccessor.java:103)\r\n\tat java.base/java.lang.reflect.Method.invoke(Method.java:580)\r\n\tat org.testng.internal.invokers.MethodInvocationHelper.invokeMethod(MethodInvocationHelper.java:141)\r\n\tat org.testng.internal.invokers.MethodInvocationHelper.invokeMethodConsideringTimeout(MethodInvocationHelper.java:71)\r\n\tat org.testng.internal.invokers.ConfigInvoker.invokeConfigurationMethod(ConfigInvoker.java:400)\r\n\tat org.testng.internal.invokers.ConfigInvoker.invokeConfigurations(ConfigInvoker.java:333)\r\n\tat org.testng.internal.invokers.TestInvoker.runConfigMethods(TestInvoker.java:833)\r\n\tat org.testng.internal.invokers.TestInvoker.invokeMethod(TestInvoker.java:600)\r\n\tat org.testng.internal.invokers.TestInvoker.invokeTestMethod(TestInvoker.java:230)\r\n\tat org.testng.internal.invokers.MethodRunner.runInSequence(MethodRunner.java:63)\r\n\tat org.testng.internal.invokers.TestInvoker$MethodInvocationAgent.invoke(TestInvoker.java:992)\r\n\tat org.testng.internal.invokers.TestInvoker.invokeTestMethods(TestInvoker.java:203)\r\n\tat org.testng.internal.invokers.TestMethodWorker.invokeTestMethods(TestMethodWorker.java:154)\r\n\tat org.testng.internal.invokers.TestMethodWorker.run(TestMethodWorker.java:134)\r\n\tat java.base/java.util.ArrayList.forEach(ArrayList.java:1597)\r\n\tat org.testng.TestRunner.privateRun(TestRunner.java:739)\r\n\tat org.testng.TestRunner.run(TestRunner.java:614)\r\n\tat org.testng.SuiteRunner.runTest(SuiteRunner.java:421)\r\n\tat org.testng.SuiteRunner.runSequentially(SuiteRunner.java:413)\r\n\tat org.testng.SuiteRunner.privateRun(SuiteRunner.java:373)\r\n\tat org.testng.SuiteRunner.run(SuiteRunner.java:312)\r\n\tat org.testng.SuiteRunnerWorker.runSuite(SuiteRunnerWorker.java:52)\r\n\tat org.testng.SuiteRunnerWorker.run(SuiteRunnerWorker.java:95)\r\n\tat org.testng.TestNG.runSuitesSequentially(TestNG.java:1274)\r\n\tat org.testng.TestNG.runSuitesLocally(TestNG.java:1208)\r\n\tat org.testng.TestNG.runSuites(TestNG.java:1112)\r\n\tat org.testng.TestNG.run(TestNG.java:1079)\r\n\tat com.intellij.rt.testng.IDEARemoteTestNG.run(IDEARemoteTestNG.java:65)\r\n\tat com.intellij.rt.testng.RemoteTestNGStarter.main(RemoteTestNGStarter.java:105)\r\nCaused by: org.openqa.selenium.WebDriverException: Command failed with code: 2, executed: [--browser, firefox, --browser-path, C:/Users/MARWAN.KHALIL/AppData/Local/\"Mozilla Firefox\"/firefox-esr, --language-binding, java, --output, json]\nerror: unexpected argument 'Firefox/firefox-esr' found\n\nUsage: selenium-manager.exe [OPTIONS]\n\nFor more information, try '--help'.\n\r\n\tat org.openqa.selenium.manager.SeleniumManager.runCommand(SeleniumManager.java:170)\r\n\tat org.openqa.selenium.manager.SeleniumManager.getBinaryPaths(SeleniumManager.java:247)\r\n\tat org.openqa.selenium.remote.service.DriverFinder.getBinaryPaths(DriverFinder.java:102)\r\n\t... 37 more\r\nCaused by: org.openqa.selenium.json.JsonException: Unable to parse: error: unexpected argument 'Firefox/firefox-esr' found\n\nUsage: selenium-manager.exe [OPTIONS]\n\nFor more information, try '--help'.\n\r\n\tat org.openqa.selenium.json.Json.toType(Json.java:169)\r\n\tat org.openqa.selenium.json.Json.toType(Json.java:152)\r\n\tat org.openqa.selenium.manager.SeleniumManager.runCommand(SeleniumManager.java:155)\r\n\t... 39 more\r\nCaused by: org.openqa.selenium.json.JsonException: Unable to determine type from: e. Last 1 characters read: e, next 128 characters to read: rror: unexpected argument 'Firefox/firefox-esr' found\n\nUsage: selenium-manager.exe [OPTIONS]\n\nFor more information, try '--help'\nBuild info: version: '4.25.0', revision: '8a8aea2337'\nSystem info: os.name: 'Windows 10', os.arch: 'amd64', os.version: '10.0', java.version: '23.0.1'\nDriver info: driver.version: FirefoxDriver\r\n\tat org.openqa.selenium.json.JsonInput.peek(JsonInput.java:166)\r\n\tat org.openqa.selenium.json.JsonTypeCoercer.lambda$buildCoercer$6(JsonTypeCoercer.java:167)\r\n\tat org.openqa.selenium.json.JsonTypeCoercer.coerce(JsonTypeCoercer.java:146)\r\n\tat org.openqa.selenium.json.Json.toType(Json.java:206)\r\n\tat org.openqa.selenium.json.Json.toType(Json.java:167)\r\n\t... 41 more\r\n"},"stage":"finished","steps":[],"attachments":[],"parameters":[],"start":1736952594757,"stop":1736952594760}